----------------------------------------------------------------
Wed Feb 07 21:06:07 CET 2018:
Booting Derby version The Apache Software Foundation - Apache Derby - 10.13.1.1 - (1765088): instance a816c00e-0161-71e0-1832-0000065f6f88 
on database directory memory:/home/nestorrente/IdeaProjects/jitl/jitl-sql-module/types with class loader sun.misc.Launcher$AppClassLoader@4aa298b7 
Loaded from file:/home/nestorrente/.m2/repository/org/apache/derby/derby/10.13.1.1/derby-10.13.1.1.jar
java.vendor=Oracle Corporation
java.runtime.version=1.8.0_131-b11
user.dir=/home/nestorrente/IdeaProjects/jitl/jitl-sql-module
os.name=Linux
os.arch=amd64
os.version=4.13.0-32-generic
derby.system.home=null
Database Class Loader started - derby.database.classpath=''
----------------------------------------------------------------
Wed Feb 07 21:06:08 CET 2018:
Shutting down instance a816c00e-0161-71e0-1832-0000065f6f88 on database directory memory:/home/nestorrente/IdeaProjects/jitl/jitl-sql-module/types with class loader sun.misc.Launcher$AppClassLoader@4aa298b7 
----------------------------------------------------------------
Wed Feb 07 21:06:09 CET 2018:
Booting Derby version The Apache Software Foundation - Apache Derby - 10.13.1.1 - (1765088): instance 6dd780d4-0161-71e0-1832-0000065f6f88 
on database directory memory:/home/nestorrente/IdeaProjects/jitl/jitl-sql-module/yugioh with class loader sun.misc.Launcher$AppClassLoader@4aa298b7 
Loaded from file:/home/nestorrente/.m2/repository/org/apache/derby/derby/10.13.1.1/derby-10.13.1.1.jar
java.vendor=Oracle Corporation
java.runtime.version=1.8.0_131-b11
user.dir=/home/nestorrente/IdeaProjects/jitl/jitl-sql-module
os.name=Linux
os.arch=amd64
os.version=4.13.0-32-generic
derby.system.home=null
Database Class Loader started - derby.database.classpath=''
----------------------------------------------------------------
Wed Feb 07 21:06:09 CET 2018:
Shutting down instance 6dd780d4-0161-71e0-1832-0000065f6f88 on database directory memory:/home/nestorrente/IdeaProjects/jitl/jitl-sql-module/yugioh with class loader sun.misc.Launcher$AppClassLoader@4aa298b7 
----------------------------------------------------------------
Wed Feb 07 21:06:10 CET 2018:
Booting Derby version The Apache Software Foundation - Apache Derby - 10.13.1.1 - (1765088): instance cc4c01a0-0161-71e0-1832-0000065f6f88 
on database directory memory:/home/nestorrente/IdeaProjects/jitl/jitl-sql-module/yugioh with class loader sun.misc.Launcher$AppClassLoader@4aa298b7 
Loaded from file:/home/nestorrente/.m2/repository/org/apache/derby/derby/10.13.1.1/derby-10.13.1.1.jar
java.vendor=Oracle Corporation
java.runtime.version=1.8.0_131-b11
user.dir=/home/nestorrente/IdeaProjects/jitl/jitl-sql-module
os.name=Linux
os.arch=amd64
os.version=4.13.0-32-generic
derby.system.home=null
Database Class Loader started - derby.database.classpath=''
----------------------------------------------------------------
Wed Feb 07 21:06:10 CET 2018:
Shutting down instance cc4c01a0-0161-71e0-1832-0000065f6f88 on database directory memory:/home/nestorrente/IdeaProjects/jitl/jitl-sql-module/yugioh with class loader sun.misc.Launcher$AppClassLoader@4aa298b7 
----------------------------------------------------------------
Wed Feb 07 21:06:11 CET 2018:
Booting Derby version The Apache Software Foundation - Apache Derby - 10.13.1.1 - (1765088): instance 3e6e0271-0161-71e0-1832-0000065f6f88 
on database directory memory:/home/nestorrente/IdeaProjects/jitl/jitl-sql-module/yugioh with class loader sun.misc.Launcher$AppClassLoader@4aa298b7 
Loaded from file:/home/nestorrente/.m2/repository/org/apache/derby/derby/10.13.1.1/derby-10.13.1.1.jar
java.vendor=Oracle Corporation
java.runtime.version=1.8.0_131-b11
user.dir=/home/nestorrente/IdeaProjects/jitl/jitl-sql-module
os.name=Linux
os.arch=amd64
os.version=4.13.0-32-generic
derby.system.home=null
Database Class Loader started - derby.database.classpath=''
----------------------------------------------------------------
Wed Feb 07 21:06:11 CET 2018:
Shutting down instance 3e6e0271-0161-71e0-1832-0000065f6f88 on database directory memory:/home/nestorrente/IdeaProjects/jitl/jitl-sql-module/yugioh with class loader sun.misc.Launcher$AppClassLoader@4aa298b7 
